[ 2016-06-15T18:09:32+08:00 ] 10.1.0.1 /Admin/Public/check_code?code=ulnf
INFO: [ app_begin ] --START--
INFO: Run Behavior\ReadHtmlCacheBehavior [ RunTime:0.000889s ]
INFO: [ app_begin ] --END-- [ RunTime:0.001282s ]

[ 2016-06-15T18:09:34+08:00 ] 10.1.0.1 /Admin/Public/check_code?code=NC5M
INFO: [ app_begin ] --START--
INFO: Run Behavior\ReadHtmlCacheBehavior [ RunTime:0.000863s ]
INFO: [ app_begin ] --END-- [ RunTime:0.001052s ]

[ 2016-06-15T18:09:41+08:00 ] 10.1.0.1 /Admin/Public/login
ERR: SQLSTATE[42000] [1049] Unknown database 'auth'

[ 2016-06-15T18:10:50+08:00 ] 10.1.0.1 /Admin/Public/check_code?code=n2kw
INFO: [ app_begin ] --START--
INFO: Run Behavior\ReadHtmlCacheBehavior [ RunTime:0.000733s ]
INFO: [ app_begin ] --END-- [ RunTime:0.001345s ]

[ 2016-06-15T18:11:42+08:00 ] 10.1.0.1 /Admin/Admin/check_account?account=test1
INFO: [ app_begin ] --START--
INFO: Run Behavior\ReadHtmlCacheBehavior [ RunTime:0.000788s ]
INFO: [ app_begin ] --END-- [ RunTime:0.001284s ]
SQL: SHOW COLUMNS FROM `db_auth_group_access` [ RunTime:0.0003s ]
SQL: SELECT `uid`,`group_id`,`title`,`rules` FROM db_auth_group_access a INNER JOIN db_auth_group g on a.group_id=g.id  WHERE ( a.uid='1' and g.status='1' )  [ RunTime:0.0001s ]
SQL: SHOW COLUMNS FROM `db_auth_rule` [ RunTime:0.0003s ]
SQL: SELECT `condition`,`name` FROM `db_auth_rule` WHERE `id` IN ('1','2','3','14','15','16','17','18','19','21','25','4','5','6','9','11','24','35','36','37','38','12','13','22','23') AND `type` = 1 AND `status` = 1  [ RunTime:0.0001s ]
SQL: SHOW COLUMNS FROM `db_admin` [ RunTime:0.0003s ]
SQL: SELECT `id` FROM `db_admin` WHERE `account` = 'test1' LIMIT 1   [ RunTime:0.0002s ]

[ 2016-06-15T18:11:42+08:00 ] 10.1.0.1 /Admin/Admin/check_account?account=test12
INFO: [ app_begin ] --START--
INFO: Run Behavior\ReadHtmlCacheBehavior [ RunTime:0.000385s ]
INFO: [ app_begin ] --END-- [ RunTime:0.000496s ]
SQL: SHOW COLUMNS FROM `db_auth_group_access` [ RunTime:0.0003s ]
SQL: SELECT `uid`,`group_id`,`title`,`rules` FROM db_auth_group_access a INNER JOIN db_auth_group g on a.group_id=g.id  WHERE ( a.uid='1' and g.status='1' )  [ RunTime:0.0001s ]
SQL: SHOW COLUMNS FROM `db_auth_rule` [ RunTime:0.0003s ]
SQL: SELECT `condition`,`name` FROM `db_auth_rule` WHERE `id` IN ('1','2','3','14','15','16','17','18','19','21','25','4','5','6','9','11','24','35','36','37','38','12','13','22','23') AND `type` = 1 AND `status` = 1  [ RunTime:0.0001s ]
SQL: SHOW COLUMNS FROM `db_admin` [ RunTime:0.0003s ]
SQL: SELECT `id` FROM `db_admin` WHERE `account` = 'test12' LIMIT 1   [ RunTime:0.0002s ]

[ 2016-06-15T18:11:42+08:00 ] 10.1.0.1 /Admin/Admin/check_account?account=test123
INFO: [ app_begin ] --START--
INFO: Run Behavior\ReadHtmlCacheBehavior [ RunTime:0.000295s ]
INFO: [ app_begin ] --END-- [ RunTime:0.000395s ]
SQL: SHOW COLUMNS FROM `db_auth_group_access` [ RunTime:0.0003s ]
SQL: SELECT `uid`,`group_id`,`title`,`rules` FROM db_auth_group_access a INNER JOIN db_auth_group g on a.group_id=g.id  WHERE ( a.uid='1' and g.status='1' )  [ RunTime:0.0001s ]
SQL: SHOW COLUMNS FROM `db_auth_rule` [ RunTime:0.0002s ]
SQL: SELECT `condition`,`name` FROM `db_auth_rule` WHERE `id` IN ('1','2','3','14','15','16','17','18','19','21','25','4','5','6','9','11','24','35','36','37','38','12','13','22','23') AND `type` = 1 AND `status` = 1  [ RunTime:0.0001s ]
SQL: SHOW COLUMNS FROM `db_admin` [ RunTime:0.0002s ]
SQL: SELECT `id` FROM `db_admin` WHERE `account` = 'test123' LIMIT 1   [ RunTime:0.0002s ]

[ 2016-06-15T18:11:43+08:00 ] 10.1.0.1 /Admin/Admin/admin_add
INFO: [ app_begin ] --START--
INFO: Run Behavior\ReadHtmlCacheBehavior [ RunTime:0.000385s ]
INFO: [ app_begin ] --END-- [ RunTime:0.000480s ]
SQL: SHOW COLUMNS FROM `db_admin` [ RunTime:0.0003s ]
SQL: SELECT * FROM `db_admin` WHERE `account` = 'test123' LIMIT 1   [ RunTime:0.0002s ]
SQL: INSERT INTO `db_admin` (`account`,`password`,`create_time`) VALUES ('test123','e10adc3949ba59abbe56e057f20f883e','1465985503') [ RunTime:0.0027s ]
SQL: SHOW COLUMNS FROM `db_auth_group_access` [ RunTime:0.0004s ]
SQL: INSERT INTO `db_auth_group_access` (`uid`,`group_id`) VALUES ('6','30') [ RunTime:0.0002s ]

[ 2016-06-15T18:15:53+08:00 ] 10.1.0.1 /Admin/Orders/select_new_orders
INFO: [ app_begin ] --START--
INFO: Run Behavior\ReadHtmlCacheBehavior [ RunTime:0.001036s ]
INFO: [ app_begin ] --END-- [ RunTime:0.001916s ]
ERR: 无法加载控制器:Orders

[ 2016-06-15T18:22:37+08:00 ] 10.1.0.1 /Admin/Index/clear_cache.html?clear=1234
INFO: [ app_begin ] --START--
INFO: Run Behavior\ReadHtmlCacheBehavior [ RunTime:0.000592s ]
INFO: [ app_begin ] --END-- [ RunTime:0.000959s ]
NOTIC: [2] opendir(./Application/Runtime/Cache/Home/): failed to open dir: No such file or directory /data0/htdocs/management/Application/Admin/Controller/IndexController.class.php 第 76 行.

[ 2016-06-15T18:23:22+08:00 ] 10.1.0.1 /Admin/Public/check_code?code=kn4k
INFO: [ app_begin ] --START--
INFO: Run Behavior\ReadHtmlCacheBehavior [ RunTime:0.001135s ]
INFO: [ app_begin ] --END-- [ RunTime:0.001650s ]

[ 2016-06-15T18:24:00+08:00 ] 10.1.0.1 /Admin/Public/check_code?code=yum5
INFO: [ app_begin ] --START--
INFO: Run Behavior\ReadHtmlCacheBehavior [ RunTime:0.000619s ]
INFO: [ app_begin ] --END-- [ RunTime:0.001081s ]

[ 2016-06-15T18:24:32+08:00 ] 10.1.0.1 /Admin/Public/check_code?code=yk6w
INFO: [ app_begin ] --START--
INFO: Run Behavior\ReadHtmlCacheBehavior [ RunTime:0.000739s ]
INFO: [ app_begin ] --END-- [ RunTime:0.001256s ]

[ 2016-06-15T18:29:35+08:00 ] 10.1.0.1 /Admin/Orders/select_new_orders
INFO: [ app_begin ] --START--
INFO: Run Behavior\ReadHtmlCacheBehavior [ RunTime:0.001234s ]
INFO: [ app_begin ] --END-- [ RunTime:0.002003s ]
ERR: 无法加载控制器:Orders

